<?xml version="1.0" encoding="UTF-8"?>
<!-- Generated by org.testng.reporters.JUnitXMLReporter -->
<testsuite hostname="sanket-PC" name="login Test" tests="3" failures="1" timestamp="18 Jul 2022 17:47:17 GMT" time="113.957" errors="0">
  <testcase name="login_DDT" time="48.752" classname="com.healthybasket.testcases.TC_loginDDT"/>
  <testcase name="login_DDT" time="27.16" classname="com.healthybasket.testcases.TC_loginDDT">
    <failure type="java.lang.AssertionError" message="Test Case2Failed expected [Successfully logged in!] but found [Invalid mobile or password!]">
      <![CDATA[java.lang.AssertionError: Test Case2Failed expected [Successfully logged in!] but found [Invalid mobile or password!]
	at com.healthybasket.testcases.TC_loginDDT.login_DDT(TC_loginDDT.java:58)
... Removed 28 stack frames]]>
    </failure>
  </testcase> <!-- login_DDT -->
  <testcase name="login_DDT" time="27.266" classname="com.healthybasket.testcases.TC_loginDDT"/>
</testsuite> <!-- login Test -->
