<?xml version="1.0" encoding="UTF-8"?>
<!-- Generated by org.testng.reporters.JUnitXMLReporter -->
<testsuite ignored="0" hostname="sanket-PC" failures="1" tests="3" name="login Test" time="120.054" errors="0" timestamp="19 Jul 2022 10:28:26 GMT">
  <testcase classname="com.healthybasket.testcases.TC_loginDDT" name="login_DDT" time="53.419"/>
  <testcase classname="com.healthybasket.testcases.TC_loginDDT" name="login_DDT" time="27.591">
    <failure type="java.lang.AssertionError" message="Test Case2Failed expected [Successfully logged in!] but found [Invalid mobile or password!]">
      <![CDATA[java.lang.AssertionError: Test Case2Failed expected [Successfully logged in!] but found [Invalid mobile or password!]
at com.healthybasket.testcases.TC_loginDDT.login_DDT(TC_loginDDT.java:58)
... Removed 34 stack frames]]>
    </failure>
  </testcase> <!-- login_DDT -->
  <testcase classname="com.healthybasket.testcases.TC_loginDDT" name="login_DDT" time="26.617"/>
</testsuite> <!-- login Test -->
