<?xml version="1.0" encoding="UTF-8"?>
<testng-results skipped="0" failed="1" total="3" passed="2">
  <reporter-output>
  </reporter-output>
  <suite name="Healthybasketsuite" duration-ms="113957" started-at="2022-07-18T17:45:23Z" finished-at="2022-07-18T17:47:17Z">
    <groups>
    </groups>
    <test name="login Test" duration-ms="113957" started-at="2022-07-18T17:45:23Z" finished-at="2022-07-18T17:47:17Z">
      <class name="com.healthybasket.testcases.TC_loginDDT">
        <test-method status="PASS" signature="setup(java.lang.String)[pri:0, instance:com.healthybasket.testcases.TC_loginDDT@234bef66]" name="setup" is-config="true" duration-ms="5535" started-at="2022-07-18T23:15:24Z" finished-at="2022-07-18T23:15:29Z">
          <params>
            <param index="0">
              <value>
                <![CDATA[chrome]]>
              </value>
            </param>
          </params>
          <reporter-output>
          </reporter-output>
        </test-method> <!-- setup -->
        <test-method status="PASS" signature="login_DDT(java.lang.String, java.lang.String, java.lang.String)[pri:0, instance:com.healthybasket.testcases.TC_loginDDT@234bef66]" name="login_DDT" duration-ms="48752" started-at="2022-07-18T23:15:33Z" data-provider="logindata" finished-at="2022-07-18T23:16:22Z">
          <params>
            <param index="0">
              <value>
                <![CDATA[9096643401]]>
              </value>
            </param>
            <param index="1">
              <value>
                <![CDATA[sankettest]]>
              </value>
            </param>
            <param index="2">
              <value>
                <![CDATA[Successfully logged in!]]>
              </value>
            </param>
          </params>
          <reporter-output>
          </reporter-output>
        </test-method> <!-- login_DDT -->
        <test-method status="FAIL" signature="login_DDT(java.lang.String, java.lang.String, java.lang.String)[pri:0, instance:com.healthybasket.testcases.TC_loginDDT@234bef66]" name="login_DDT" duration-ms="27160" started-at="2022-07-18T23:16:22Z" data-provider="logindata" finished-at="2022-07-18T23:16:49Z">
          <params>
            <param index="0">
              <value>
                <![CDATA[9860835773]]>
              </value>
            </param>
            <param index="1">
              <value>
                <![CDATA[sankettest]]>
              </value>
            </param>
            <param index="2">
              <value>
                <![CDATA[Successfully logged in!]]>
              </value>
            </param>
          </params>
          <exception class="java.lang.AssertionError">
            <message>
              <![CDATA[Test Case2Failed expected [Successfully logged in!] but found [Invalid mobile or password!]]]>
            </message>
            <full-stacktrace>
              <![CDATA[java.lang.AssertionError: Test Case2Failed expected [Successfully logged in!] but found [Invalid mobile or password!]
	at org.testng.Assert.fail(Assert.java:94)
	at org.testng.Assert.failNotEquals(Assert.java:496)
	at org.testng.Assert.assertEquals(Assert.java:125)
	at org.testng.Assert.assertEquals(Assert.java:178)
	at com.healthybasket.testcases.TC_loginDDT.login_DDT(TC_loginDDT.java:58)
	at sun.reflect.NativeMethodAccessorImpl.invoke0(Native Method)
	at sun.reflect.NativeMethodAccessorImpl.invoke(Unknown Source)
	at sun.reflect.DelegatingMethodAccessorImpl.invoke(Unknown Source)
	at java.lang.reflect.Method.invoke(Unknown Source)
	at org.testng.internal.MethodInvocationHelper.invokeMethod(MethodInvocationHelper.java:85)
	at org.testng.internal.Invoker.invokeMethod(Invoker.java:663)
	at org.testng.internal.Invoker.invokeTestMethod(Invoker.java:849)
	at org.testng.internal.Invoker.invokeTestMethods(Invoker.java:1157)
	at org.testng.internal.TestMethodWorker.invokeTestMethods(TestMethodWorker.java:124)
	at org.testng.internal.TestMethodWorker.run(TestMethodWorker.java:108)
	at org.testng.TestRunner.privateRun(TestRunner.java:771)
	at org.testng.TestRunner.run(TestRunner.java:621)
	at org.testng.SuiteRunner.runTest(SuiteRunner.java:357)
	at org.testng.SuiteRunner.runSequentially(SuiteRunner.java:352)
	at org.testng.SuiteRunner.privateRun(SuiteRunner.java:310)
	at org.testng.SuiteRunner.run(SuiteRunner.java:259)
	at org.testng.SuiteRunnerWorker.runSuite(SuiteRunnerWorker.java:52)
	at org.testng.SuiteRunnerWorker.run(SuiteRunnerWorker.java:86)
	at org.testng.TestNG.runSuitesSequentially(TestNG.java:1200)
	at org.testng.TestNG.runSuitesLocally(TestNG.java:1125)
	at org.testng.TestNG.run(TestNG.java:1033)
	at org.testng.remote.RemoteTestNG.run(RemoteTestNG.java:111)
	at org.testng.remote.RemoteTestNG.initAndRun(RemoteTestNG.java:204)
	at org.testng.remote.RemoteTestNG.main(RemoteTestNG.java:175)
]]>
            </full-stacktrace>
          </exception> <!-- java.lang.AssertionError -->
          <reporter-output>
          </reporter-output>
        </test-method> <!-- login_DDT -->
        <test-method status="PASS" signature="login_DDT(java.lang.String, java.lang.String, java.lang.String)[pri:0, instance:com.healthybasket.testcases.TC_loginDDT@234bef66]" name="login_DDT" duration-ms="27266" started-at="2022-07-18T23:16:49Z" data-provider="logindata" finished-at="2022-07-18T23:17:16Z">
          <params>
            <param index="0">
              <value>
                <![CDATA[9096643401]]>
              </value>
            </param>
            <param index="1">
              <value>
                <![CDATA[sankettesttt]]>
              </value>
            </param>
            <param index="2">
              <value>
                <![CDATA[Invalid mobile or password!]]>
              </value>
            </param>
          </params>
          <reporter-output>
          </reporter-output>
        </test-method> <!-- login_DDT -->
        <test-method status="PASS" signature="teardown()[pri:0, instance:com.healthybasket.testcases.TC_loginDDT@234bef66]" name="teardown" is-config="true" duration-ms="744" started-at="2022-07-18T23:17:16Z" finished-at="2022-07-18T23:17:17Z">
          <reporter-output>
          </reporter-output>
        </test-method> <!-- teardown -->
      </class> <!-- com.healthybasket.testcases.TC_loginDDT -->
    </test> <!-- login Test -->
  </suite> <!-- Healthybasketsuite -->
</testng-results>
